<?xml version="1.0" encoding="UTF-8"?>
<testsuite xmlns:xsi="http://www.w3.org/2001/XMLSchema-instance" xsi:noNamespaceSchemaLocation="https://maven.apache.org/surefire/maven-surefire-plugin/xsd/surefire-test-report-3.0.xsd" version="3.0" name="TestSuite" time="2.237" tests="2" errors="0" skipped="0" failures="0">
  <properties>
[...]
</properties>
  <testcase name="postAddPet[1, Toppi, completo, org.testng.TestRunner@2178fe4e](1)" classname="com.PetStore.APItesting.tests.guide.GuideTest" time="1.483">
    <system-err><![CDATA[SLF4J: Failed to load class "org.slf4j.impl.StaticLoggerBinder".
SLF4J: Defaulting to no-operation (NOP) logger implementation
SLF4J: See http://www.slf4j.org/codes.html#StaticLoggerBinder for further details.
]]></system-err>
  </testcase>
  <testcase name="postAddPet1[1, Toppi, 1, categoria1, array, 1, tag1, 2, tag2, completo, org.testng.TestRunner@2178fe4e](1)" classname="com.PetStore.APItesting.tests.guide.GuideTest" time="1.483"/>
</testsuite>