<?xml version="1.0" encoding="UTF-8"?>
<testng-results ignored="0" total="2" passed="2" failed="0" skipped="0">
  <reporter-output>
  </reporter-output>
  <suite started-at="2024-09-04T09:52:30 COT" name="Pet Store Suite - QA environment" finished-at="2024-09-04T09:52:32 COT" duration-ms="1498">
    <groups>
      <group name="SMOKE">
        <method signature="GuideTest.postAddPet(java.lang.Integer,java.lang.String,java.lang.String,org.testng.ITestContext)[pri:0, instance:com.PetStore.APItesting.tests.guide.GuideTest@6ad179b4]" name="postAddPet" class="com.PetStore.APItesting.tests.guide.GuideTest"/>
        <method signature="GuideTest.postAddPet1(java.lang.Integer,java.lang.String,java.lang.Integer,java.lang.String,java.lang.String,java.lang.Integer,java.lang.String,java.lang.Integer,java.lang.String,java.lang.String,org.testng.ITestContext)[pri:0, instance:com.PetStore.APItesting.tests.guide.GuideTest@6ad179b4]" name="postAddPet1" class="com.PetStore.APItesting.tests.guide.GuideTest"/>
      </group> <!-- SMOKE -->
      <group name="GUIDE">
        <method signature="GuideTest.postAddPet(java.lang.Integer,java.lang.String,java.lang.String,org.testng.ITestContext)[pri:0, instance:com.PetStore.APItesting.tests.guide.GuideTest@6ad179b4]" name="postAddPet" class="com.PetStore.APItesting.tests.guide.GuideTest"/>
        <method signature="GuideTest.postAddPet1(java.lang.Integer,java.lang.String,java.lang.Integer,java.lang.String,java.lang.String,java.lang.Integer,java.lang.String,java.lang.Integer,java.lang.String,java.lang.String,org.testng.ITestContext)[pri:0, instance:com.PetStore.APItesting.tests.guide.GuideTest@6ad179b4]" name="postAddPet1" class="com.PetStore.APItesting.tests.guide.GuideTest"/>
      </group> <!-- GUIDE -->
    </groups>
    <test started-at="2024-09-04T09:52:30 COT" name="Guide Test" finished-at="2024-09-04T09:52:32 COT" duration-ms="1498">
      <class name="com.PetStore.APItesting.tests.guide.GuideTest">
        <test-method signature="postAddPet(java.lang.Integer,java.lang.String,java.lang.String,org.testng.ITestContext)[pri:0, instance:com.PetStore.APItesting.tests.guide.GuideTest@6ad179b4]" started-at="2024-09-04T09:52:30 COT" name="postAddPet" finished-at="2024-09-04T09:52:32 COT" duration-ms="1460" status="PASS">
          <params>
            <param index="0">
              <value>
                <![CDATA[1]]>
              </value>
            </param>
            <param index="1">
              <value>
                <![CDATA[Toppi]]>
              </value>
            </param>
            <param index="2">
              <value>
                <![CDATA[completo]]>
              </value>
            </param>
            <param index="3">
              <value>
                <![CDATA[org.testng.TestRunner@2178fe4e]]>
              </value>
            </param>
          </params>
          <reporter-output>
          </reporter-output>
        </test-method> <!-- postAddPet -->
        <test-method signature="postAddPet1(java.lang.Integer,java.lang.String,java.lang.Integer,java.lang.String,java.lang.String,java.lang.Integer,java.lang.String,java.lang.Integer,java.lang.String,java.lang.String,org.testng.ITestContext)[pri:0, instance:com.PetStore.APItesting.tests.guide.GuideTest@6ad179b4]" started-at="2024-09-04T09:52:30 COT" name="postAddPet1" finished-at="2024-09-04T09:52:32 COT" duration-ms="1460" status="PASS">
          <params>
            <param index="0">
              <value>
                <![CDATA[1]]>
              </value>
            </param>
            <param index="1">
              <value>
                <![CDATA[Toppi]]>
              </value>
            </param>
            <param index="2">
              <value>
                <![CDATA[1]]>
              </value>
            </param>
            <param index="3">
              <value>
                <![CDATA[categoria1]]>
              </value>
            </param>
            <param index="4">
              <value>
                <![CDATA[array]]>
              </value>
            </param>
            <param index="5">
              <value>
                <![CDATA[1]]>
              </value>
            </param>
            <param index="6">
              <value>
                <![CDATA[tag1]]>
              </value>
            </param>
            <param index="7">
              <value>
                <![CDATA[2]]>
              </value>
            </param>
            <param index="8">
              <value>
                <![CDATA[tag2]]>
              </value>
            </param>
            <param index="9">
              <value>
                <![CDATA[completo]]>
              </value>
            </param>
            <param index="10">
              <value>
                <![CDATA[org.testng.TestRunner@2178fe4e]]>
              </value>
            </param>
          </params>
          <reporter-output>
          </reporter-output>
        </test-method> <!-- postAddPet1 -->
      </class> <!-- com.PetStore.APItesting.tests.guide.GuideTest -->
    </test> <!-- Guide Test -->
  </suite> <!-- Pet Store Suite - QA environment -->
</testng-results>
